build/intermediates/manifest_merge_blame_file/debug/manifest-merger-blame-debug-report.txt
1<?xml version="1.0" encoding="utf-8"?>
2<manifest xmlns:android="http://schemas.android.com/apk/res/android"
3    package="com.amazonaws.demo.androidpubsubwebsocket"
4    android:versionCode="1"
5    android:versionName="1.0.0" >
6
7    <uses-sdk
7-->aws-sdk-android-samples/AndroidPubSubWebSocket/AndroidManifest.xml:7:5-9:41
8        android:minSdkVersion="19"
8-->aws-sdk-android-samples/AndroidPubSubWebSocket/AndroidManifest.xml:8:9-35
9        android:targetSdkVersion="23" />
9-->aws-sdk-android-samples/AndroidPubSubWebSocket/AndroidManifest.xml:9:9-38
10
11    <uses-permission android:name="android.permission.INTERNET" />
11-->aws-sdk-android-samples/AndroidPubSubWebSocket/AndroidManifest.xml:11:5-67
11-->aws-sdk-android-samples/AndroidPubSubWebSocket/AndroidManifest.xml:11:22-64
12
13    <application
13-->aws-sdk-android-samples/AndroidPubSubWebSocket/AndroidManifest.xml:13:5-24:19
14        android:allowBackup="true"
14-->aws-sdk-android-samples/AndroidPubSubWebSocket/AndroidManifest.xml:14:9-35
15        android:debuggable="true"
16        android:icon="@drawable/ic_launcher"
16-->aws-sdk-android-samples/AndroidPubSubWebSocket/AndroidManifest.xml:15:9-45
17        android:label="@string/app_name"
17-->aws-sdk-android-samples/AndroidPubSubWebSocket/AndroidManifest.xml:16:9-41
18        android:testOnly="true" >
19        <activity android:name="com.amazonaws.demo.androidpubsubwebsocket.PubSubActivity" >
19-->aws-sdk-android-samples/AndroidPubSubWebSocket/AndroidManifest.xml:17:9-23:20
19-->aws-sdk-android-samples/AndroidPubSubWebSocket/AndroidManifest.xml:17:19-90
20            <intent-filter>
20-->aws-sdk-android-samples/AndroidPubSubWebSocket/AndroidManifest.xml:18:13-22:29
21                <action android:name="android.intent.action.MAIN" />
21-->aws-sdk-android-samples/AndroidPubSubWebSocket/AndroidManifest.xml:19:17-69
21-->aws-sdk-android-samples/AndroidPubSubWebSocket/AndroidManifest.xml:19:25-66
22
23                <category android:name="android.intent.category.LAUNCHER" />
23-->aws-sdk-android-samples/AndroidPubSubWebSocket/AndroidManifest.xml:21:17-77
23-->aws-sdk-android-samples/AndroidPubSubWebSocket/AndroidManifest.xml:21:27-74
24            </intent-filter>
25        </activity>
26    </application>
27
28</manifest>